<?xml version="1.0" encoding="UTF-8"?>
<testng-results skipped="0" failed="1" ignored="4" total="7" passed="2">
  <reporter-output>
  </reporter-output>
  <suite name="Suite" duration-ms="68051" started-at="2019-02-07T17:42:25Z" finished-at="2019-02-07T17:43:33Z">
    <groups>
    </groups>
    <test name="Test" duration-ms="68051" started-at="2019-02-07T17:42:25Z" finished-at="2019-02-07T17:43:33Z">
      <class name="com.papercutNG.login.LoginTest">
        <test-method status="PASS" signature="beforeTestSuite()[pri:0, instance:com.papercutNG.login.LoginTest@39c0f4a]" name="beforeTestSuite" is-config="true" duration-ms="238" started-at="2019-02-07T17:42:24Z" finished-at="2019-02-07T17:42:25Z">
          <reporter-output>
          </reporter-output>
        </test-method> <!-- beforeTestSuite -->
        <test-method status="PASS" signature="launchBrowser()[pri:0, instance:com.papercutNG.login.LoginTest@39c0f4a]" name="launchBrowser" is-config="true" duration-ms="7655" started-at="2019-02-07T17:42:25Z" finished-at="2019-02-07T17:42:32Z">
          <reporter-output>
          </reporter-output>
        </test-method> <!-- launchBrowser -->
        <test-method status="FAIL" signature="Login_Test_TC_01()[pri:1, instance:com.papercutNG.login.LoginTest@39c0f4a]" name="Login_Test_TC_01" duration-ms="8456" started-at="2019-02-07T17:42:32Z" description="Verify Login page with valid data" finished-at="2019-02-07T17:42:41Z">
          <exception class="org.openqa.selenium.ElementNotVisibleException">
            <message>
              <![CDATA[element not visible
  (Session info: chrome=71.0.3578.98)
  (Driver info: chromedriver=2.40.565498 (ea082db3280dd6843ebfb08a625e3eb905c4f5ab),platform=Windows NT 10.0.17134 x86_64) (WARNING: The server did not provide any stacktrace information)
Command duration or timeout: 0 milliseconds
Build info: version: '3.13.0', revision: '2f0d292', time: '2018-06-25T15:24:21.231Z'
System info: host: 'HP840G3-2192', ip: '172.16.12.65', os.name: 'Windows 10', os.arch: 'amd64', os.version: '10.0', java.version: '1.8.0_131'
Driver info: org.openqa.selenium.chrome.ChromeDriver
Capabilities {acceptInsecureCerts: false, acceptSslCerts: false, applicationCacheEnabled: false, browserConnectionEnabled: false, browserName: chrome, chrome: {chromedriverVersion: 2.40.565498 (ea082db3280dd6..., userDataDir: C:\Users\sparimi\AppData\Lo...}, cssSelectorsEnabled: true, databaseEnabled: false, handlesAlerts: true, hasTouchScreen: false, javascriptEnabled: true, locationContextEnabled: true, mobileEmulationEnabled: false, nativeEvents: true, networkConnectionEnabled: false, pageLoadStrategy: normal, platform: XP, platformName: XP, rotatable: false, setWindowRect: true, takesHeapSnapshot: true, takesScreenshot: true, unexpectedAlertBehaviour: , unhandledPromptBehavior: , version: 71.0.3578.98, webStorageEnabled: true}
Session ID: bf941fc9a9ab41ca833ac97df2f9563b]]>
            </message>
            <full-stacktrace>
              <![CDATA[org.openqa.selenium.ElementNotVisibleException: element not visible
  (Session info: chrome=71.0.3578.98)
  (Driver info: chromedriver=2.40.565498 (ea082db3280dd6843ebfb08a625e3eb905c4f5ab),platform=Windows NT 10.0.17134 x86_64) (WARNING: The server did not provide any stacktrace information)
Command duration or timeout: 0 milliseconds
Build info: version: '3.13.0', revision: '2f0d292', time: '2018-06-25T15:24:21.231Z'
System info: host: 'HP840G3-2192', ip: '172.16.12.65', os.name: 'Windows 10', os.arch: 'amd64', os.version: '10.0', java.version: '1.8.0_131'
Driver info: org.openqa.selenium.chrome.ChromeDriver
Capabilities {acceptInsecureCerts: false, acceptSslCerts: false, applicationCacheEnabled: false, browserConnectionEnabled: false, browserName: chrome, chrome: {chromedriverVersion: 2.40.565498 (ea082db3280dd6..., userDataDir: C:\Users\sparimi\AppData\Lo...}, cssSelectorsEnabled: true, databaseEnabled: false, handlesAlerts: true, hasTouchScreen: false, javascriptEnabled: true, locationContextEnabled: true, mobileEmulationEnabled: false, nativeEvents: true, networkConnectionEnabled: false, pageLoadStrategy: normal, platform: XP, platformName: XP, rotatable: false, setWindowRect: true, takesHeapSnapshot: true, takesScreenshot: true, unexpectedAlertBehaviour: , unhandledPromptBehavior: , version: 71.0.3578.98, webStorageEnabled: true}
Session ID: bf941fc9a9ab41ca833ac97df2f9563b
at sun.reflect.NativeConstructorAccessorImpl.newInstance0(Native Method)
at sun.reflect.NativeConstructorAccessorImpl.newInstance(Unknown Source)
at sun.reflect.DelegatingConstructorAccessorImpl.newInstance(Unknown Source)
at java.lang.reflect.Constructor.newInstance(Unknown Source)
at org.openqa.selenium.remote.ErrorHandler.createThrowable(ErrorHandler.java:214)
at org.openqa.selenium.remote.ErrorHandler.throwIfResponseFailed(ErrorHandler.java:166)
at org.openqa.selenium.remote.http.JsonHttpResponseCodec.reconstructValue(JsonHttpResponseCodec.java:40)
at org.openqa.selenium.remote.http.AbstractHttpResponseCodec.decode(AbstractHttpResponseCodec.java:80)
at org.openqa.selenium.remote.http.AbstractHttpResponseCodec.decode(AbstractHttpResponseCodec.java:44)
at org.openqa.selenium.remote.HttpCommandExecutor.execute(HttpCommandExecutor.java:158)
at org.openqa.selenium.remote.service.DriverCommandExecutor.execute(DriverCommandExecutor.java:83)
at org.openqa.selenium.remote.RemoteWebDriver.execute(RemoteWebDriver.java:548)
at org.openqa.selenium.remote.RemoteWebElement.execute(RemoteWebElement.java:276)
at org.openqa.selenium.remote.RemoteWebElement.click(RemoteWebElement.java:83)
at sun.reflect.NativeMethodAccessorImpl.invoke0(Native Method)
at sun.reflect.NativeMethodAccessorImpl.invoke(Unknown Source)
at sun.reflect.DelegatingMethodAccessorImpl.invoke(Unknown Source)
at java.lang.reflect.Method.invoke(Unknown Source)
at org.openqa.selenium.support.pagefactory.internal.LocatingElementHandler.invoke(LocatingElementHandler.java:51)
at com.sun.proxy.$Proxy11.click(Unknown Source)
at com.papercutNG.pageobjects.LoginPage.logoutFromApp(LoginPage.java:72)
at com.papercutNG.login.LoginTest.Login_Test_TC_01(LoginTest.java:33)
at sun.reflect.NativeMethodAccessorImpl.invoke0(Native Method)
at sun.reflect.NativeMethodAccessorImpl.invoke(Unknown Source)
at sun.reflect.DelegatingMethodAccessorImpl.invoke(Unknown Source)
at java.lang.reflect.Method.invoke(Unknown Source)
at org.testng.internal.MethodInvocationHelper.invokeMethod(MethodInvocationHelper.java:124)
at org.testng.internal.Invoker.invokeMethod(Invoker.java:583)
at org.testng.internal.Invoker.invokeTestMethod(Invoker.java:719)
at org.testng.internal.Invoker.invokeTestMethods(Invoker.java:989)
at org.testng.internal.TestMethodWorker.invokeTestMethods(TestMethodWorker.java:125)
at org.testng.internal.TestMethodWorker.run(TestMethodWorker.java:109)
at org.testng.TestRunner.privateRun(TestRunner.java:648)
at org.testng.TestRunner.run(TestRunner.java:505)
at org.testng.SuiteRunner.runTest(SuiteRunner.java:455)
at org.testng.SuiteRunner.runSequentially(SuiteRunner.java:450)
at org.testng.SuiteRunner.privateRun(SuiteRunner.java:415)
at org.testng.SuiteRunner.run(SuiteRunner.java:364)
at org.testng.SuiteRunnerWorker.runSuite(SuiteRunnerWorker.java:52)
at org.testng.SuiteRunnerWorker.run(SuiteRunnerWorker.java:84)
at org.testng.TestNG.runSuitesSequentially(TestNG.java:1208)
at org.testng.TestNG.runSuitesLocally(TestNG.java:1137)
at org.testng.TestNG.runSuites(TestNG.java:1049)
at org.testng.TestNG.run(TestNG.java:1017)
at org.testng.remote.AbstractRemoteTestNG.run(AbstractRemoteTestNG.java:114)
at org.testng.remote.RemoteTestNG.initAndRun(RemoteTestNG.java:251)
at org.testng.remote.RemoteTestNG.main(RemoteTestNG.java:77)
]]>
            </full-stacktrace>
          </exception> <!-- org.openqa.selenium.ElementNotVisibleException -->
          <reporter-output>
          </reporter-output>
        </test-method> <!-- Login_Test_TC_01 -->
        <test-method status="PASS" signature="validateTestCase(org.testng.ITestResult)[pri:0, instance:com.papercutNG.login.LoginTest@39c0f4a]" name="validateTestCase" is-config="true" duration-ms="5629" started-at="2019-02-07T17:42:41Z" finished-at="2019-02-07T17:42:46Z">
          <params>
            <param index="0">
              <value>
                <![CDATA[[TestResult name=Login_Test_TC_01 status=FAILURE method=LoginTest.Login_Test_TC_01()[pri:1, instance:com.papercutNG.login.LoginTest@39c0f4a] output={null}]]]>
              </value>
            </param>
          </params>
          <reporter-output>
          </reporter-output>
        </test-method> <!-- validateTestCase -->
        <test-method status="PASS" signature="afterTest()[pri:0, instance:com.papercutNG.login.LoginTest@39c0f4a]" name="afterTest" is-config="true" duration-ms="529" started-at="2019-02-07T17:43:33Z" finished-at="2019-02-07T17:43:33Z">
          <reporter-output>
          </reporter-output>
        </test-method> <!-- afterTest -->
      </class> <!-- com.papercutNG.login.LoginTest -->
      <class name="com.papercutNG.dashboard.DashboardTest">
        <test-method status="PASS" signature="launchBrowser()[pri:0, instance:com.papercutNG.dashboard.DashboardTest@1794d431]" name="launchBrowser" is-config="true" duration-ms="6777" started-at="2019-02-07T17:42:46Z" finished-at="2019-02-07T17:42:53Z">
          <reporter-output>
          </reporter-output>
        </test-method> <!-- launchBrowser -->
        <test-method status="PASS" signature="Dashboard_TC_03()[pri:1, instance:com.papercutNG.dashboard.DashboardTest@1794d431]" name="Dashboard_TC_03" duration-ms="6386" started-at="2019-02-07T17:42:53Z" description="Verify Build Numaber in Dashboard Page with About Page" finished-at="2019-02-07T17:42:59Z">
          <reporter-output>
          </reporter-output>
        </test-method> <!-- Dashboard_TC_03 -->
        <test-method status="PASS" signature="validateTestCase(org.testng.ITestResult)[pri:0, instance:com.papercutNG.dashboard.DashboardTest@1794d431]" name="validateTestCase" is-config="true" duration-ms="6024" started-at="2019-02-07T17:42:59Z" finished-at="2019-02-07T17:43:05Z">
          <params>
            <param index="0">
              <value>
                <![CDATA[[TestResult name=Dashboard_TC_03 status=SUCCESS method=DashboardTest.Dashboard_TC_03()[pri:1, instance:com.papercutNG.dashboard.DashboardTest@1794d431] output={null}]]]>
              </value>
            </param>
          </params>
          <reporter-output>
          </reporter-output>
        </test-method> <!-- validateTestCase -->
      </class> <!-- com.papercutNG.dashboard.DashboardTest -->
      <class name="com.papercutNG.dashboard.MenuTest">
        <test-method status="PASS" signature="launchBrowser()[pri:0, instance:com.papercutNG.dashboard.MenuTest@42e26948]" name="launchBrowser" is-config="true" duration-ms="6582" started-at="2019-02-07T17:43:05Z" finished-at="2019-02-07T17:43:12Z">
          <reporter-output>
          </reporter-output>
        </test-method> <!-- launchBrowser -->
        <test-method status="PASS" signature="Menu_Links_TC_02()[pri:1, instance:com.papercutNG.dashboard.MenuTest@42e26948]" name="Menu_Links_TC_02" duration-ms="14486" started-at="2019-02-07T17:43:12Z" description="Verify Number of links in Home Page" finished-at="2019-02-07T17:43:27Z">
          <reporter-output>
          </reporter-output>
        </test-method> <!-- Menu_Links_TC_02 -->
        <test-method status="PASS" signature="validateTestCase(org.testng.ITestResult)[pri:0, instance:com.papercutNG.dashboard.MenuTest@42e26948]" name="validateTestCase" is-config="true" duration-ms="6023" started-at="2019-02-07T17:43:27Z" finished-at="2019-02-07T17:43:33Z">
          <params>
            <param index="0">
              <value>
                <![CDATA[[TestResult name=Menu_Links_TC_02 status=SUCCESS method=MenuTest.Menu_Links_TC_02()[pri:1, instance:com.papercutNG.dashboard.MenuTest@42e26948] output={null}]]]>
              </value>
            </param>
          </params>
          <reporter-output>
          </reporter-output>
        </test-method> <!-- validateTestCase -->
      </class> <!-- com.papercutNG.dashboard.MenuTest -->
    </test> <!-- Test -->
  </suite> <!-- Suite -->
</testng-results>
